[2016-09-22 10:34:46] START
[2018-10-25 16:19:00] EDIT web2py_start/controllers/default.py: 0
[2018-10-25 16:21:34] EDIT web2py_start/controllers/default.py: 0
[2018-10-25 16:22:33] EDIT web2py_start/controllers/default.py: 0
[2018-10-25 16:36:07] EDIT web2py_start/controllers/default.py: 8
[2018-10-25 16:52:04] EDIT web2py_start/controllers/default.py: 12
[2018-10-25 17:20:33] EDIT web2py_start/controllers/default.py: 0
[2018-10-25 18:52:47] EDIT web2py_start/controllers/default.py: 0
[2018-10-25 18:57:06] EDIT web2py_start/controllers/default.py: 1
[2018-10-25 18:58:51] EDIT web2py_start/controllers/default.py: 2
[2018-10-25 19:00:07] EDIT web2py_start/controllers/default.py: 0
[2018-10-25 19:01:07] EDIT web2py_start/controllers/default.py: 0
[2018-10-25 19:02:29] EDIT web2py_start/controllers/default.py: 0
[2018-10-25 19:07:21] EDIT web2py_start/controllers/default.py: 4
[2018-10-25 19:09:00] EDIT web2py_start/controllers/default.py: 2
[2018-10-25 19:16:13] EDIT hw2/static/css/myapp.css: 0
[2018-10-26 14:55:22] EDIT hw2/controllers/default.py: 1
[2018-11-05 18:19:12] EDIT hw2/models/db.py: -2
[2018-11-05 18:22:49] EDIT hw2/models/db.py: 0
[2018-11-05 18:27:21] EDIT hw2/models/db.py: 0
[2018-11-05 18:49:06] EDIT hw2/models/db.py: 0
[2018-11-05 19:00:07] EDIT hw2/models/db.py: 2
